<?xml version="1.0" encoding="UTF-8"?>
<!-- Generated by org.testng.reporters.JUnitXMLReporter -->
<testsuite hostname="ROQ-021" ignored="3" name="Default test" tests="1" failures="0" timestamp="12 Apr 2019 10:39:11 GMT" time="21.488" errors="0">
  <testcase name="deleteBoards" time="21.437" classname="api.tests.TestExecutor"/>
  <testcase name="setUp_AddCard_EmptyList" time="0.0" classname="api.tests.TestExecutor">
    <ignored/>
  </testcase> <!-- setUp_AddCard_EmptyList -->
  <testcase name="test" time="0.0" classname="api.tests.TestExecutor">
    <ignored/>
  </testcase> <!-- test -->
  <testcase name="setUp_MoveCard_MultipleCardsInList" time="0.0" classname="api.tests.TestExecutor">
    <ignored/>
  </testcase> <!-- setUp_MoveCard_MultipleCardsInList -->
</testsuite> <!-- Default test -->
