<?xml version="1.0" encoding="UTF-8"?>
<testng-results skipped="0" failed="0" ignored="3" total="4" passed="1">
  <reporter-output>
  </reporter-output>
  <suite name="Default suite" duration-ms="21488" started-at="2019-04-12T10:38:50Z" finished-at="2019-04-12T10:39:11Z">
    <groups>
    </groups>
    <test name="Default test" duration-ms="21488" started-at="2019-04-12T10:38:50Z" finished-at="2019-04-12T10:39:11Z">
      <class name="api.tests.TestExecutor">
        <test-method status="PASS" signature="deleteBoards()[pri:0, instance:api.tests.TestExecutor@6eebc39e]" name="deleteBoards" duration-ms="21437" started-at="2019-04-12T10:38:50Z" finished-at="2019-04-12T10:39:11Z">
          <reporter-output>
          </reporter-output>
        </test-method> <!-- deleteBoards -->
      </class> <!-- api.tests.TestExecutor -->
    </test> <!-- Default test -->
  </suite> <!-- Default suite -->
</testng-results>
